0 info it worked if it ends with ok
1 verbose cli [ 'node', '/usr/local/bin/npm', 'install', 'ngraph.ngraph' ]
2 info using npm@1.4.28
3 info using node@v0.10.32
4 verbose cache add [ 'ngraph.ngraph', null ]
5 verbose cache add name=undefined spec="ngraph.ngraph" args=["ngraph.ngraph",null]
6 verbose parsed url { protocol: null,
6 verbose parsed url   slashes: null,
6 verbose parsed url   auth: null,
6 verbose parsed url   host: null,
6 verbose parsed url   port: null,
6 verbose parsed url   hostname: null,
6 verbose parsed url   hash: null,
6 verbose parsed url   search: null,
6 verbose parsed url   query: null,
6 verbose parsed url   pathname: 'ngraph.ngraph',
6 verbose parsed url   path: 'ngraph.ngraph',
6 verbose parsed url   href: 'ngraph.ngraph' }
7 silly lockFile e33e0edc-ngraph-ngraph ngraph.ngraph
8 verbose lock ngraph.ngraph /Users/oculardexterity/.npm/e33e0edc-ngraph-ngraph.lock
9 silly lockFile e33e0edc-ngraph-ngraph ngraph.ngraph
10 silly lockFile e33e0edc-ngraph-ngraph ngraph.ngraph
11 verbose addNamed [ 'ngraph.ngraph', '' ]
12 verbose addNamed [ null, '*' ]
13 silly lockFile 857bf941-ngraph-ngraph ngraph.ngraph@
14 verbose lock ngraph.ngraph@ /Users/oculardexterity/.npm/857bf941-ngraph-ngraph.lock
15 silly addNameRange { name: 'ngraph.ngraph', range: '*', hasData: false }
16 verbose request where is /ngraph.ngraph
17 verbose request registry https://registry.npmjs.org/
18 verbose request id a5fa737b7b8f3890
19 verbose url raw /ngraph.ngraph
20 verbose url resolving [ 'https://registry.npmjs.org/', './ngraph.ngraph' ]
21 verbose url resolved https://registry.npmjs.org/ngraph.ngraph
22 verbose request where is https://registry.npmjs.org/ngraph.ngraph
23 info trying registry request attempt 1 at 15:51:19
24 http GET https://registry.npmjs.org/ngraph.ngraph
25 http 404 https://registry.npmjs.org/ngraph.ngraph
26 silly registry.get cb [ 404,
26 silly registry.get   { 'content-type': 'application/json',
26 silly registry.get     'cache-control': 'max-age=0',
26 silly registry.get     'content-length': '2',
26 silly registry.get     'accept-ranges': 'bytes',
26 silly registry.get     date: 'Wed, 23 Mar 2016 15:51:19 GMT',
26 silly registry.get     via: '1.1 varnish',
26 silly registry.get     age: '0',
26 silly registry.get     connection: 'keep-alive',
26 silly registry.get     'x-served-by': 'cache-lcy1126-LCY',
26 silly registry.get     'x-cache': 'MISS',
26 silly registry.get     'x-cache-hits': '0',
26 silly registry.get     'x-timer': 'S1458748279.750415,VS0,VE105' } ]
27 silly lockFile 857bf941-ngraph-ngraph ngraph.ngraph@
28 silly lockFile 857bf941-ngraph-ngraph ngraph.ngraph@
29 error 404 Not Found
29 error 404
29 error 404 'ngraph.ngraph' is not in the npm registry.
29 error 404 You should bug the author to publish it
29 error 404
29 error 404 Note that you can also install from a
29 error 404 tarball, folder, or http url, or git url.
30 error System Darwin 15.3.0
31 error command "node" "/usr/local/bin/npm" "install" "ngraph.ngraph"
32 error cwd /Users/oculardexterity/Documents/NUIM/LetterSiteV1
33 error node -v v0.10.32
34 error npm -v 1.4.28
35 error code E404
36 verbose exit [ 1, true ]
